# JRE version: OpenJDK Runtime Environment (8.0_112-b06) (build 1.8.0_112-release-b06)
# Java VM: OpenJDK 64-Bit Server VM (25.112-b06 mixed mode bsd-amd64 compressed oops)
Heap:
 PSYoungGen      total 208896K, used 205794K [0x00000007a0000000, 0x00000007af600000, 0x00000007c0000000)
  eden space 181248K, 100% used [0x00000007a0000000,0x00000007ab100000,0x00000007ab100000)
  from space 27648K, 88% used [0x00000007adb00000,0x00000007af2f8bb8,0x00000007af600000)
  to   space 35328K, 50% used [0x00000007ab100000,0x00000007ac2650b8,0x00000007ad380000)
 ParOldGen       total 120832K, used 111303K [0x0000000760000000, 0x0000000767600000, 0x00000007a0000000)
  object space 120832K, 92% used [0x0000000760000000,0x0000000766cb1f20,0x0000000767600000)
 Metaspace       used 84797K, capacity 93307K, committed 93440K, reserved 1130496K
  class space    used 10773K, capacity 11747K, committed 11776K, reserved 1048576K
GC Heap History (10 events):
Event: 20229.229 GC heap after
Heap after GC invocations=43 (full 3):
 PSYoungGen      total 239616K, used 24119K [0x00000007a0000000, 0x00000007b1880000, 0x00000007c0000000)
  eden space 210432K, 0% used [0x00000007a0000000,0x00000007a0000000,0x00000007acd80000)
  from space 29184K, 82% used [0x00000007afc00000,0x00000007b138def8,0x00000007b1880000)
  to   space 38400K, 0% used [0x00000007acd80000,0x00000007acd80000,0x00000007af300000)
 ParOldGen       total 120832K, used 109387K [0x0000000760000000, 0x0000000767600000, 0x00000007a0000000)
  object space 120832K, 90% used [0x0000000760000000,0x0000000766ad2ed0,0x0000000767600000)
 Metaspace       used 84317K, capacity 92505K, committed 92672K, reserved 1130496K
  class space    used 10710K, capacity 11688K, committed 11776K, reserved 1048576K
}
Event: 20290.112 GC heap before
{Heap before GC invocations=44 (full 3):
 PSYoungGen      total 239616K, used 234551K [0x00000007a0000000, 0x00000007b1880000, 0x00000007c0000000)
  eden space 210432K, 100% used [0x00000007a0000000,0x00000007acd80000,0x00000007acd80000)
  from space 29184K, 82% used [0x00000007afc00000,0x00000007b138def8,0x00000007b1880000)
  to   space 38400K, 0% used [0x00000007acd80000,0x00000007acd80000,0x00000007af300000)
 ParOldGen       total 120832K, used 109387K [0x0000000760000000, 0x0000000767600000, 0x00000007a0000000)
  object space 120832K, 90% used [0x0000000760000000,0x0000000766ad2ed0,0x0000000767600000)
 Metaspace       used 84422K, capacity 92693K, committed 92928K, reserved 1130496K
  class space    used 10720K, capacity 11700K, committed 11776K, reserved 1048576K
Event: 20290.137 GC heap after
Heap after GC invocations=44 (full 3):
 PSYoungGen      total 227840K, used 24805K [0x00000007a0000000, 0x00000007b1000000, 0x00000007c0000000)
  eden space 202752K, 0% used [0x00000007a0000000,0x00000007a0000000,0x00000007ac600000)
  from space 25088K, 98% used [0x00000007acd80000,0x00000007ae5b95c8,0x00000007ae600000)
  to   space 37888K, 0% used [0x00000007aeb00000,0x00000007aeb00000,0x00000007b1000000)
 ParOldGen       total 120832K, used 109595K [0x0000000760000000, 0x0000000767600000, 0x00000007a0000000)
  object space 120832K, 90% used [0x0000000760000000,0x0000000766b06ed0,0x0000000767600000)
 Metaspace       used 84422K, capacity 92693K, committed 92928K, reserved 1130496K
  class space    used 10720K, capacity 11700K, committed 11776K, reserved 1048576K
}
Event: 21454.207 GC heap before
{Heap before GC invocations=45 (full 3):
 PSYoungGen      total 227840K, used 227557K [0x00000007a0000000, 0x00000007b1000000, 0x00000007c0000000)
  eden space 202752K, 100% used [0x00000007a0000000,0x00000007ac600000,0x00000007ac600000)
  from space 25088K, 98% used [0x00000007acd80000,0x00000007ae5b95c8,0x00000007ae600000)
  to   space 37888K, 0% used [0x00000007aeb00000,0x00000007aeb00000,0x00000007b1000000)
 ParOldGen       total 120832K, used 109595K [0x0000000760000000, 0x0000000767600000, 0x00000007a0000000)
  object space 120832K, 90% used [0x0000000760000000,0x0000000766b06ed0,0x0000000767600000)
 Metaspace       used 84537K, capacity 92933K, committed 93184K, reserved 1130496K
  class space    used 10737K, capacity 11716K, committed 11776K, reserved 1048576K
Event: 21454.250 GC heap after
Heap after GC invocations=45 (full 3):
 PSYoungGen      total 222208K, used 21416K [0x00000007a0000000, 0x00000007b0580000, 0x00000007c0000000)
  eden space 195072K, 0% used [0x00000007a0000000,0x00000007a0000000,0x00000007abe80000)
  from space 27136K, 78% used [0x00000007aeb00000,0x00000007affea0a0,0x00000007b0580000)
  to   space 36352K, 0% used [0x00000007abe80000,0x00000007abe80000,0x00000007ae200000)
 ParOldGen       total 120832K, used 109755K [0x0000000760000000, 0x0000000767600000, 0x00000007a0000000)
  object space 120832K, 90% used [0x0000000760000000,0x0000000766b2eed0,0x0000000767600000)
 Metaspace       used 84537K, capacity 92933K, committed 93184K, reserved 1130496K
  class space    used 10737K, capacity 11716K, committed 11776K, reserved 1048576K
}
Event: 21594.709 GC heap before
{Heap before GC invocations=46 (full 3):
 PSYoungGen      total 222208K, used 216488K [0x00000007a0000000, 0x00000007b0580000, 0x00000007c0000000)
  eden space 195072K, 100% used [0x00000007a0000000,0x00000007abe80000,0x00000007abe80000)
  from space 27136K, 78% used [0x00000007aeb00000,0x00000007affea0a0,0x00000007b0580000)
  to   space 36352K, 0% used [0x00000007abe80000,0x00000007abe80000,0x00000007ae200000)
 ParOldGen       total 120832K, used 109755K [0x0000000760000000, 0x0000000767600000, 0x00000007a0000000)
  object space 120832K, 90% used [0x0000000760000000,0x0000000766b2eed0,0x0000000767600000)
 Metaspace       used 84686K, capacity 93131K, committed 93184K, reserved 1130496K
  class space    used 10756K, capacity 11731K, committed 11776K, reserved 1048576K
Event: 21594.735 GC heap after
Heap after GC invocations=46 (full 3):
 PSYoungGen      total 213504K, used 25228K [0x00000007a0000000, 0x00000007afe80000, 0x00000007c0000000)
  eden space 187904K, 0% used [0x00000007a0000000,0x00000007a0000000,0x00000007ab780000)
  from space 25600K, 98% used [0x00000007abe80000,0x00000007ad723210,0x00000007ad780000)
  to   space 36352K, 0% used [0x00000007adb00000,0x00000007adb00000,0x00000007afe80000)
 ParOldGen       total 120832K, used 110699K [0x0000000760000000, 0x0000000767600000, 0x00000007a0000000)
  object space 120832K, 91% used [0x0000000760000000,0x0000000766c1aef0,0x0000000767600000)
 Metaspace       used 84686K, capacity 93131K, committed 93184K, reserved 1130496K
  class space    used 10756K, capacity 11731K, committed 11776K, reserved 1048576K
}
Event: 21638.838 GC heap before
{Heap before GC invocations=47 (full 3):
 PSYoungGen      total 213504K, used 213132K [0x00000007a0000000, 0x00000007afe80000, 0x00000007c0000000)
  eden space 187904K, 100% used [0x00000007a0000000,0x00000007ab780000,0x00000007ab780000)
  from space 25600K, 98% used [0x00000007abe80000,0x00000007ad723210,0x00000007ad780000)
  to   space 36352K, 0% used [0x00000007adb00000,0x00000007adb00000,0x00000007afe80000)
 ParOldGen       total 120832K, used 110699K [0x0000000760000000, 0x0000000767600000, 0x00000007a0000000)
  object space 120832K, 91% used [0x0000000760000000,0x0000000766c1aef0,0x0000000767600000)
 Metaspace       used 84755K, capacity 93219K, committed 93440K, reserved 1130496K
  class space    used 10765K, capacity 11739K, committed 11776K, reserved 1048576K
Event: 21638.877 GC heap after
Heap after GC invocations=47 (full 3):
 PSYoungGen      total 208896K, used 24546K [0x00000007a0000000, 0x00000007af600000, 0x00000007c0000000)
  eden space 181248K, 0% used [0x00000007a0000000,0x00000007a0000000,0x00000007ab100000)
  from space 27648K, 88% used [0x00000007adb00000,0x00000007af2f8bb8,0x00000007af600000)
  to   space 35328K, 0% used [0x00000007ab100000,0x00000007ab100000,0x00000007ad380000)
 ParOldGen       total 120832K, used 110951K [0x0000000760000000, 0x0000000767600000, 0x00000007a0000000)
  object space 120832K, 91% used [0x0000000760000000,0x0000000766c59f00,0x0000000767600000)
 Metaspace       used 84755K, capacity 93219K, committed 93440K, reserved 1130496K
  class space    used 10765K, capacity 11739K, committed 11776K, reserved 1048576K
}
Event: 32403.082 GC heap before
{Heap before GC invocations=48 (full 3):
 PSYoungGen      total 208896K, used 205794K [0x00000007a0000000, 0x00000007af600000, 0x00000007c0000000)
  eden space 181248K, 100% used [0x00000007a0000000,0x00000007ab100000,0x00000007ab100000)
  from space 27648K, 88% used [0x00000007adb00000,0x00000007af2f8bb8,0x00000007af600000)
  to   space 35328K, 0% used [0x00000007ab100000,0x00000007ab100000,0x00000007ad380000)
 ParOldGen       total 120832K, used 110951K [0x0000000760000000, 0x0000000767600000, 0x00000007a0000000)
  object space 120832K, 91% used [0x0000000760000000,0x0000000766c59f00,0x0000000767600000)
 Metaspace       used 84797K, capacity 93307K, committed 93440K, reserved 1130496K
  class space    used 10773K, capacity 11747K, committed 11776K, reserved 1048576K

